2025-11-19T20:05:53.391Z  INFO 1 --- [User-Management-Service-Task] [http-nio-8080-exec-10] c.m.u.AOP.ControllerLoggingAspect        : Controller method called: UserController.getAll
2025-11-19T20:05:53.394Z  INFO 1 --- [User-Management-Service-Task] [http-nio-8080-exec-10] c.m.u.AOP.ServiceLoggingAspect           : Service method started: UserServiceImpl.getAll
2025-11-19T20:05:53.693Z  INFO 1 --- [User-Management-Service-Task] [http-nio-8080-exec-10] c.m.u.AOP.ServiceLoggingAspect           : Service method completed: UserServiceImpl.getAll - Execution time: 298ms
2025-11-19T20:05:53.697Z  INFO 1 --- [User-Management-Service-Task] [http-nio-8080-exec-10] c.m.u.AOP.ControllerLoggingAspect        : Controller method executed successfully: UserController.getAll - Execution time: 304ms
2025-11-19T20:06:14.413Z  INFO 1 --- [User-Management-Service-Task] [http-nio-8080-exec-1] c.m.u.AOP.ControllerLoggingAspect        : Controller method called: UserController.createUser
2025-11-19T20:06:14.415Z  INFO 1 --- [User-Management-Service-Task] [http-nio-8080-exec-1] c.m.u.AOP.ServiceLoggingAspect           : Service method started: UserServiceImpl.createUser
2025-11-19T20:06:14.474Z  INFO 1 --- [User-Management-Service-Task] [http-nio-8080-exec-1] c.m.u.AOP.ServiceLoggingAspect           : Service method failed: UserServiceImpl.createUser - Execution time: 58ms
2025-11-19T20:06:14.475Z  INFO 1 --- [User-Management-Service-Task] [http-nio-8080-exec-1] c.m.u.AOP.ControllerLoggingAspect        : Controller method failed: UserController.createUser - Execution time: 60ms
2025-11-19T20:06:14.487Z ERROR 1 --- [User-Management-Service-Task] [http-nio-8080-exec-1] c.m.u.exception.GlobalExceptionHandler   : Base exception occured: Type: BusinessException, Message: Email already taken, Path: /api/user, Status: 409 CONFLICT
2025-11-19T20:06:21.984Z  INFO 1 --- [User-Management-Service-Task] [http-nio-8080-exec-2] c.m.u.AOP.ControllerLoggingAspect        : Controller method called: UserController.createUser
2025-11-19T20:06:21.986Z  INFO 1 --- [User-Management-Service-Task] [http-nio-8080-exec-2] c.m.u.AOP.ServiceLoggingAspect           : Service method started: UserServiceImpl.createUser
2025-11-19T20:06:22.233Z  INFO 1 --- [User-Management-Service-Task] [http-nio-8080-exec-2] o.a.k.clients.producer.ProducerConfig    : ProducerConfig values: 
	acks = -1
	auto.include.jmx.reporter = true
	batch.size = 16384
	bootstrap.servers = [kafka:9092]
	buffer.memory = 33554432
	client.dns.lookup = use_all_dns_ips
	client.id = User-Management-Service-Task-producer-1
	compression.gzip.level = -1
	compression.lz4.level = 9
	compression.type = none
	compression.zstd.level = 3
	connections.max.idle.ms = 540000
	delivery.timeout.ms = 120000
	enable.idempotence = true
	enable.metrics.push = true
	interceptor.classes = []
	key.serializer = class org.apache.kafka.common.serialization.StringSerializer
	linger.ms = 0
	max.block.ms = 60000
	max.in.flight.requests.per.connection = 5
	max.request.size = 1048576
	metadata.max.age.ms = 300000
	metadata.max.idle.ms = 300000
	metadata.recovery.strategy = none
	metric.reporters = []
	metrics.num.samples = 2
	metrics.recording.level = INFO
	metrics.sample.window.ms = 30000
	partitioner.adaptive.partitioning.enable = true
	partitioner.availability.timeout.ms = 0
	partitioner.class = null
	partitioner.ignore.keys = false
	receive.buffer.bytes = 32768
	reconnect.backoff.max.ms = 1000
	reconnect.backoff.ms = 50
	request.timeout.ms = 30000
	retries = 2147483647
	retry.backoff.max.ms = 1000
	retry.backoff.ms = 100
	sasl.client.callback.handler.class = null
	sasl.jaas.config = null
	sasl.kerberos.kinit.cmd = /usr/bin/kinit
	sasl.kerberos.min.time.before.relogin = 60000
	sasl.kerberos.service.name = null
	sasl.kerberos.ticket.renew.jitter = 0.05
	sasl.kerberos.ticket.renew.window.factor = 0.8
	sasl.login.callback.handler.class = null
	sasl.login.class = null
	sasl.login.connect.timeout.ms = null
	sasl.login.read.timeout.ms = null
	sasl.login.refresh.buffer.seconds = 300
	sasl.login.refresh.min.period.seconds = 60
	sasl.login.refresh.window.factor = 0.8
	sasl.login.refresh.window.jitter = 0.05
	sasl.login.retry.backoff.max.ms = 10000
	sasl.login.retry.backoff.ms = 100
	sasl.mechanism = GSSAPI
	sasl.oauthbearer.clock.skew.seconds = 30
	sasl.oauthbearer.expected.audience = null
	sasl.oauthbearer.expected.issuer = null
	sasl.oauthbearer.header.urlencode = false
	sasl.oauthbearer.jwks.endpoint.refresh.ms = 3600000
	sasl.oauthbearer.jwks.endpoint.retry.backoff.max.ms = 10000
	sasl.oauthbearer.jwks.endpoint.retry.backoff.ms = 100
	sasl.oauthbearer.jwks.endpoint.url = null
	sasl.oauthbearer.scope.claim.name = scope
	sasl.oauthbearer.sub.claim.name = sub
	sasl.oauthbearer.token.endpoint.url = null
	security.protocol = PLAINTEXT
	security.providers = null
	send.buffer.bytes = 131072
	socket.connection.setup.timeout.max.ms = 30000
	socket.connection.setup.timeout.ms = 10000
	ssl.cipher.suites = null
	ssl.enabled.protocols = [TLSv1.2, TLSv1.3]
	ssl.endpoint.identification.algorithm = https
	ssl.engine.factory.class = null
	ssl.key.password = null
	ssl.keymanager.algorithm = SunX509
	ssl.keystore.certificate.chain = null
	ssl.keystore.key = null
	ssl.keystore.location = null
	ssl.keystore.password = null
	ssl.keystore.type = JKS
	ssl.protocol = TLSv1.3
	ssl.provider = null
	ssl.secure.random.implementation = null
	ssl.trustmanager.algorithm = PKIX
	ssl.truststore.certificates = null
	ssl.truststore.location = null
	ssl.truststore.password = null
	ssl.truststore.type = JKS
	transaction.timeout.ms = 60000
	transactional.id = null
	value.serializer = class org.apache.kafka.common.serialization.StringSerializer

2025-11-19T20:06:22.245Z  INFO 1 --- [User-Management-Service-Task] [http-nio-8080-exec-2] o.a.k.c.t.i.KafkaMetricsCollector        : initializing Kafka metrics collector
2025-11-19T20:06:22.273Z  INFO 1 --- [User-Management-Service-Task] [http-nio-8080-exec-2] o.a.k.clients.producer.KafkaProducer     : [Producer clientId=User-Management-Service-Task-producer-1] Instantiated an idempotent producer.
2025-11-19T20:06:22.311Z  INFO 1 --- [User-Management-Service-Task] [http-nio-8080-exec-2] o.a.kafka.common.utils.AppInfoParser     : Kafka version: 3.9.1
2025-11-19T20:06:22.313Z  INFO 1 --- [User-Management-Service-Task] [http-nio-8080-exec-2] o.a.kafka.common.utils.AppInfoParser     : Kafka commitId: f745dfdcee2b9851
2025-11-19T20:06:22.321Z  INFO 1 --- [User-Management-Service-Task] [http-nio-8080-exec-2] o.a.kafka.common.utils.AppInfoParser     : Kafka startTimeMs: 1763582782311
2025-11-19T20:06:22.327Z  INFO 1 --- [User-Management-Service-Task] [kafka-producer-network-thread | User-Management-Service-Task-producer-1] org.apache.kafka.clients.Metadata        : [Producer clientId=User-Management-Service-Task-producer-1] Cluster ID: V9vDQpWRSOq8WrVpfZQRTg
2025-11-19T20:06:22.394Z  INFO 1 --- [User-Management-Service-Task] [kafka-producer-network-thread | User-Management-Service-Task-producer-1] o.a.k.c.p.internals.TransactionManager   : [Producer clientId=User-Management-Service-Task-producer-1] ProducerId set to 1000 with epoch 0
2025-11-19T20:06:22.396Z  INFO 1 --- [User-Management-Service-Task] [http-nio-8080-exec-2] c.m.u.AOP.ServiceLoggingAspect           : Service method completed: UserServiceImpl.createUser - Execution time: 409ms
2025-11-19T20:06:22.397Z  INFO 1 --- [User-Management-Service-Task] [http-nio-8080-exec-2] c.m.u.AOP.ControllerLoggingAspect        : Controller method executed successfully: UserController.createUser - Execution time: 411ms
2025-11-19T20:06:22.483Z  INFO 1 --- [User-Management-Service-Task] [org.springframework.kafka.KafkaListenerEndpointContainer#0-0-C-1] c.m.u.AOP.ServiceLoggingAspect           : Service method started: NotificationConsumer.consumeUserRegisteredEvent
2025-11-19T20:06:22.485Z  INFO 1 --- [User-Management-Service-Task] [org.springframework.kafka.KafkaListenerEndpointContainer#0-0-C-1] c.m.u.AOP.ServiceLoggingAspect           : Service method started: EmailService.sendWelcomeEmail
2025-11-19T20:06:22.620Z  INFO 1 --- [User-Management-Service-Task] [org.springframework.kafka.KafkaListenerEndpointContainer#0-0-C-1] c.m.u.AOP.ServiceLoggingAspect           : Service method completed: EmailService.sendWelcomeEmail - Execution time: 134ms
2025-11-19T20:06:22.622Z  INFO 1 --- [User-Management-Service-Task] [org.springframework.kafka.KafkaListenerEndpointContainer#0-0-C-1] c.m.u.AOP.ServiceLoggingAspect           : Service method completed: NotificationConsumer.consumeUserRegisteredEvent - Execution time: 137ms
2025-11-19T20:07:12.306Z  INFO 1 --- [User-Management-Service-Task] [org.springframework.kafka.KafkaListenerEndpointContainer#0-0-C-1] k.c.c.i.ConsumerRebalanceListenerInvoker : [Consumer clientId=consumer-notification-group-v2-1, groupId=notification-group-v2] Revoke previously assigned partitions user-registered-0
2025-11-19T20:07:12.308Z  INFO 1 --- [User-Management-Service-Task] [org.springframework.kafka.KafkaListenerEndpointContainer#0-0-C-1] o.s.k.l.KafkaMessageListenerContainer    : notification-group-v2: partitions revoked: [user-registered-0]
2025-11-19T20:07:12.310Z  INFO 1 --- [User-Management-Service-Task] [org.springframework.kafka.KafkaListenerEndpointContainer#0-0-C-1] o.a.k.c.c.internals.ConsumerCoordinator  : [Consumer clientId=consumer-notification-group-v2-1, groupId=notification-group-v2] Member consumer-notification-group-v2-1-93f55871-d090-4265-9077-521caad74626 sending LeaveGroup request to coordinator kafka:9092 (id: 2147483646 rack: null) due to the consumer unsubscribed from all topics
2025-11-19T20:07:12.312Z  INFO 1 --- [User-Management-Service-Task] [org.springframework.kafka.KafkaListenerEndpointContainer#0-0-C-1] o.a.k.c.c.internals.ConsumerCoordinator  : [Consumer clientId=consumer-notification-group-v2-1, groupId=notification-group-v2] Resetting generation and member id due to: consumer pro-actively leaving the group
2025-11-19T20:07:12.313Z  INFO 1 --- [User-Management-Service-Task] [org.springframework.kafka.KafkaListenerEndpointContainer#0-0-C-1] o.a.k.c.c.internals.ConsumerCoordinator  : [Consumer clientId=consumer-notification-group-v2-1, groupId=notification-group-v2] Request joining group due to: consumer pro-actively leaving the group
2025-11-19T20:07:12.315Z  INFO 1 --- [User-Management-Service-Task] [org.springframework.kafka.KafkaListenerEndpointContainer#0-0-C-1] o.a.k.c.c.i.ClassicKafkaConsumer         : [Consumer clientId=consumer-notification-group-v2-1, groupId=notification-group-v2] Unsubscribed all topics or patterns and assigned partitions
2025-11-19T20:07:12.321Z  INFO 1 --- [User-Management-Service-Task] [org.springframework.kafka.KafkaListenerEndpointContainer#0-0-C-1] o.a.k.c.c.internals.ConsumerCoordinator  : [Consumer clientId=consumer-notification-group-v2-1, groupId=notification-group-v2] Resetting generation and member id due to: consumer pro-actively leaving the group
2025-11-19T20:07:12.326Z  INFO 1 --- [User-Management-Service-Task] [org.springframework.kafka.KafkaListenerEndpointContainer#0-0-C-1] o.a.k.c.c.internals.ConsumerCoordinator  : [Consumer clientId=consumer-notification-group-v2-1, groupId=notification-group-v2] Request joining group due to: consumer pro-actively leaving the group
2025-11-19T20:07:12.520Z  INFO 1 --- [User-Management-Service-Task] [org.springframework.kafka.KafkaListenerEndpointContainer#0-0-C-1] o.apache.kafka.common.metrics.Metrics    : Metrics scheduler closed
2025-11-19T20:07:12.522Z  INFO 1 --- [User-Management-Service-Task] [org.springframework.kafka.KafkaListenerEndpointContainer#0-0-C-1] o.apache.kafka.common.metrics.Metrics    : Closing reporter org.apache.kafka.common.metrics.JmxReporter
2025-11-19T20:07:12.526Z  INFO 1 --- [User-Management-Service-Task] [org.springframework.kafka.KafkaListenerEndpointContainer#0-0-C-1] o.apache.kafka.common.metrics.Metrics    : Closing reporter org.apache.kafka.common.telemetry.internals.ClientTelemetryReporter
2025-11-19T20:07:12.529Z  INFO 1 --- [User-Management-Service-Task] [org.springframework.kafka.KafkaListenerEndpointContainer#0-0-C-1] o.apache.kafka.common.metrics.Metrics    : Metrics reporters closed
2025-11-19T20:07:12.543Z  INFO 1 --- [User-Management-Service-Task] [org.springframework.kafka.KafkaListenerEndpointContainer#0-0-C-1] o.a.kafka.common.utils.AppInfoParser     : App info kafka.consumer for consumer-notification-group-v2-1 unregistered
2025-11-19T20:07:12.545Z  INFO 1 --- [User-Management-Service-Task] [org.springframework.kafka.KafkaListenerEndpointContainer#0-0-C-1] o.s.k.l.KafkaMessageListenerContainer    : notification-group-v2: Consumer stopped
2025-11-19T20:07:12.553Z  INFO 1 --- [User-Management-Service-Task] [SpringApplicationShutdownHook] o.s.b.w.e.tomcat.GracefulShutdown        : Commencing graceful shutdown. Waiting for active requests to complete
2025-11-19T20:07:12.560Z  INFO 1 --- [User-Management-Service-Task] [tomcat-shutdown] o.s.b.w.e.tomcat.GracefulShutdown        : Graceful shutdown complete
2025-11-19T20:07:12.568Z  INFO 1 --- [User-Management-Service-Task] [SpringApplicationShutdownHook] o.a.k.clients.producer.KafkaProducer     : [Producer clientId=User-Management-Service-Task-producer-1] Closing the Kafka producer with timeoutMillis = 30000 ms.
2025-11-19T20:07:12.576Z  INFO 1 --- [User-Management-Service-Task] [SpringApplicationShutdownHook] o.apache.kafka.common.metrics.Metrics    : Metrics scheduler closed
2025-11-19T20:07:12.578Z  INFO 1 --- [User-Management-Service-Task] [SpringApplicationShutdownHook] o.apache.kafka.common.metrics.Metrics    : Closing reporter org.apache.kafka.common.metrics.JmxReporter
2025-11-19T20:07:12.578Z  INFO 1 --- [User-Management-Service-Task] [SpringApplicationShutdownHook] o.apache.kafka.common.metrics.Metrics    : Closing reporter org.apache.kafka.common.telemetry.internals.ClientTelemetryReporter
2025-11-19T20:07:12.579Z  INFO 1 --- [User-Management-Service-Task] [SpringApplicationShutdownHook] o.apache.kafka.common.metrics.Metrics    : Metrics reporters closed
2025-11-19T20:07:12.581Z  INFO 1 --- [User-Management-Service-Task] [SpringApplicationShutdownHook] o.a.kafka.common.utils.AppInfoParser     : App info kafka.producer for User-Management-Service-Task-producer-1 unregistered
2025-11-19T20:07:12.587Z  INFO 1 --- [User-Management-Service-Task] [SpringApplicationShutdownHook] j.LocalContainerEntityManagerFactoryBean : Closing JPA EntityManagerFactory for persistence unit 'default'
